Flow report for ContadorMod16
Thu Feb 10 19:33:26 2022
Quartus II 64-Bit Version 13.0.1 Build 232 06/12/2013 Service Pack 1 SJ Web Edition


---------------------
; Table of Contents ;
---------------------
  1. Legal Notice
  2. Flow Summary
  3. Flow Settings
  4. Flow Non-Default Global Settings
  5. Flow Elapsed Time
  6. Flow OS Summary
  7. Flow Log
  8. Flow Messages
  9. Flow Suppressed Messages



----------------
; Legal Notice ;
----------------
Copyright (C) 1991-2013 Altera Corporation
Your use of Altera Corporation's design tools, logic functions 
and other software and tools, and its AMPP partner logic 
functions, and any output files from any of the foregoing 
(including device programming or simulation files), and any 
associated documentation or information are expressly subject 
to the terms and conditions of the Altera Program License 
Subscription Agreement, Altera MegaCore Function License 
Agreement, or other applicable license agreement, including, 
without limitation, that your use is for the sole purpose of 
programming logic devices manufactured by Altera and sold by 
Altera or its authorized distributors.  Please refer to the 
applicable agreement for further details.



+--------------------------------------------------------------------------------------+
; Flow Summary                                                                         ;
+------------------------------------+-------------------------------------------------+
; Flow Status                        ; Successful - Thu Feb 10 19:33:26 2022           ;
; Quartus II 64-Bit Version          ; 13.0.1 Build 232 06/12/2013 SP 1 SJ Web Edition ;
; Revision Name                      ; ContadorMod16                                   ;
; Top-level Entity Name              ; ContadorMod16                                   ;
; Family                             ; Cyclone II                                      ;
; Device                             ; EP2C35F672C6                                    ;
; Timing Models                      ; Final                                           ;
; Total logic elements               ; 12 / 33,216 ( < 1 % )                           ;
;     Total combinational functions  ; 12 / 33,216 ( < 1 % )                           ;
;     Dedicated logic registers      ; 4 / 33,216 ( < 1 % )                            ;
; Total registers                    ; 4                                               ;
; Total pins                         ; 7 / 475 ( 1 % )                                 ;
; Total virtual pins                 ; 0                                               ;
; Total memory bits                  ; 0 / 483,840 ( 0 % )                             ;
; Embedded Multiplier 9-bit elements ; 0 / 70 ( 0 % )                                  ;
; Total PLLs                         ; 0 / 4 ( 0 % )                                   ;
+------------------------------------+-------------------------------------------------+


+-----------------------------------------+
; Flow Settings                           ;
+-------------------+---------------------+
; Option            ; Setting             ;
+-------------------+---------------------+
; Start date & time ; 02/10/2022 19:33:14 ;
; Main task         ; Compilation         ;
; Revision Name     ; ContadorMod16       ;
+-------------------+---------------------+


+-------------------------------------------------------------------------------------------------------------------------+
; Flow Non-Default Global Settings                                                                                        ;
+--------------------------------------+---------------------------------+---------------+-------------+------------------+
; Assignment Name                      ; Value                           ; Default Value ; Entity Name ; Section Id       ;
+--------------------------------------+---------------------------------+---------------+-------------+------------------+
; COMPILER_SIGNATURE_ID                ; 269058763670166.164453239407324 ; --            ; --          ; --               ;
; EDA_DESIGN_INSTANCE_NAME             ; NA                              ; --            ; --          ; TB_contadorMod16 ;
; EDA_NATIVELINK_SIMULATION_TEST_BENCH ; TB_contadorMod16                ; --            ; --          ; eda_simulation   ;
; EDA_OUTPUT_DATA_FORMAT               ; Verilog Hdl                     ; --            ; --          ; eda_simulation   ;
; EDA_SIMULATION_TOOL                  ; ModelSim-Altera (Verilog)       ; <None>        ; --          ; --               ;
; EDA_TEST_BENCH_ENABLE_STATUS         ; TEST_BENCH_MODE                 ; --            ; --          ; eda_simulation   ;
; EDA_TEST_BENCH_FILE                  ; testbench.v                     ; --            ; --          ; TB_contadorMod16 ;
; EDA_TEST_BENCH_MODULE_NAME           ; TB_contadorMod16                ; --            ; --          ; TB_contadorMod16 ;
; EDA_TEST_BENCH_NAME                  ; TB_contadorMod16                ; --            ; --          ; eda_simulation   ;
; EDA_TIME_SCALE                       ; 1 ps                            ; --            ; --          ; eda_simulation   ;
; MAX_CORE_JUNCTION_TEMP               ; 85                              ; --            ; --          ; --               ;
; MIN_CORE_JUNCTION_TEMP               ; 0                               ; --            ; --          ; --               ;
; PARTITION_COLOR                      ; 16764057                        ; --            ; --          ; Top              ;
; PARTITION_FITTER_PRESERVATION_LEVEL  ; PLACEMENT_AND_ROUTING           ; --            ; --          ; Top              ;
; PARTITION_NETLIST_TYPE               ; SOURCE                          ; --            ; --          ; Top              ;
; PROJECT_OUTPUT_DIRECTORY             ; output_files                    ; --            ; --          ; --               ;
+--------------------------------------+---------------------------------+---------------+-------------+------------------+


+-------------------------------------------------------------------------------------------------------------------------------+
; Flow Elapsed Time                                                                                                             ;
+---------------------------+--------------+-------------------------+---------------------+------------------------------------+
; Module Name               ; Elapsed Time ; Average Processors Used ; Peak Virtual Memory ; Total CPU Time (on all processors) ;
+---------------------------+--------------+-------------------------+---------------------+------------------------------------+
; Analysis & Synthesis      ; 00:00:01     ; 1.0                     ; 4585 MB             ; 00:00:01                           ;
; Fitter                    ; 00:00:05     ; 1.0                     ; 4871 MB             ; 00:00:05                           ;
; Assembler                 ; 00:00:01     ; 1.0                     ; 4556 MB             ; 00:00:02                           ;
; TimeQuest Timing Analyzer ; 00:00:01     ; 1.0                     ; 4537 MB             ; 00:00:01                           ;
; EDA Netlist Writer        ; 00:00:00     ; 1.0                     ; 4508 MB             ; 00:00:00                           ;
; Total                     ; 00:00:08     ; --                      ; --                  ; 00:00:09                           ;
+---------------------------+--------------+-------------------------+---------------------+------------------------------------+


+----------------------------------------------------------------------------------------+
; Flow OS Summary                                                                        ;
+---------------------------+------------------+-----------+------------+----------------+
; Module Name               ; Machine Hostname ; OS Name   ; OS Version ; Processor type ;
+---------------------------+------------------+-----------+------------+----------------+
; Analysis & Synthesis      ; DESKTOP-OQ54GSJ  ; Windows 7 ; 6.2        ; x86_64         ;
; Fitter                    ; DESKTOP-OQ54GSJ  ; Windows 7 ; 6.2        ; x86_64         ;
; Assembler                 ; DESKTOP-OQ54GSJ  ; Windows 7 ; 6.2        ; x86_64         ;
; TimeQuest Timing Analyzer ; DESKTOP-OQ54GSJ  ; Windows 7 ; 6.2        ; x86_64         ;
; EDA Netlist Writer        ; DESKTOP-OQ54GSJ  ; Windows 7 ; 6.2        ; x86_64         ;
+---------------------------+------------------+-----------+------------+----------------+


------------
; Flow Log ;
------------
quartus_map --read_settings_files=on --write_settings_files=off ContadorMod16 -c ContadorMod16
quartus_fit --read_settings_files=off --write_settings_files=off ContadorMod16 -c ContadorMod16
quartus_asm --read_settings_files=off --write_settings_files=off ContadorMod16 -c ContadorMod16
quartus_sta ContadorMod16 -c ContadorMod16
quartus_eda --read_settings_files=off --write_settings_files=off ContadorMod16 -c ContadorMod16



